<?xml version="1.0" encoding="UTF-8"?>
<!-- Generated by org.testng.reporters.JUnitXMLReporter -->
<testsuite ignored="0" hostname="LAPTOP-DGPGCKC7" failures="0" tests="26" name="Demo WebApp Testcases" time="30.946" errors="0" timestamp="2022-06-20T23:32:14 IST">
  <testcase classname="com.orangHRM.qa.testCases.HomePageTest" name="@BeforeTest setUp" time="14.886">
    <failure type="org.openqa.selenium.SessionNotCreatedException" message="session not created
from chrome not reachable
  (Session info: chrome=74.0.3729.108)
  (Driver info: chromedriver=74.0.3729.6 (255758eccf3d244491b8a1317aa76e1ce10d57e9-refs/branch-heads/3729@{#29}),platform=Windows NT 10.0.22000 x86_64) (WARNING: The server did not provide any stacktrace information)
Command duration or timeout: 14.79 seconds
Build info: version: &amp;apos;3.14.0&amp;apos;, revision: &amp;apos;aacccce0&amp;apos;, time: &amp;apos;2018-08-02T20:19:58.91Z&amp;apos;
System info: host: &amp;apos;LAPTOP-DGPGCKC7&amp;apos;, ip: &amp;apos;192.168.1.6&amp;apos;, os.name: &amp;apos;Windows 11&amp;apos;, os.arch: &amp;apos;amd64&amp;apos;, os.version: &amp;apos;10.0&amp;apos;, java.version: &amp;apos;17.0.3&amp;apos;
Driver info: driver.version: ChromeDriver">
      <![CDATA[org.openqa.selenium.SessionNotCreatedException: session not created
from chrome not reachable
  (Session info: chrome=74.0.3729.108)
  (Driver info: chromedriver=74.0.3729.6 (255758eccf3d244491b8a1317aa76e1ce10d57e9-refs/branch-heads/3729@{#29}),platform=Windows NT 10.0.22000 x86_64) (WARNING: The server did not provide any stacktrace information)
Command duration or timeout: 14.79 seconds
Build info: version: '3.14.0', revision: 'aacccce0', time: '2018-08-02T20:19:58.91Z'
System info: host: 'LAPTOP-DGPGCKC7', ip: '192.168.1.6', os.name: 'Windows 11', os.arch: 'amd64', os.version: '10.0', java.version: '17.0.3'
Driver info: driver.version: ChromeDriver
at org.openqa.selenium.remote.ErrorHandler.createThrowable(ErrorHandler.java:214)
at org.openqa.selenium.remote.ErrorHandler.throwIfResponseFailed(ErrorHandler.java:166)
at org.openqa.selenium.remote.JsonWireProtocolResponse.lambda$new$0(JsonWireProtocolResponse.java:53)
at org.openqa.selenium.remote.JsonWireProtocolResponse.lambda$getResponseFunction$2(JsonWireProtocolResponse.java:91)
at org.openqa.selenium.remote.ProtocolHandshake.lambda$createSession$0(ProtocolHandshake.java:122)
at java.base/java.util.stream.ReferencePipeline$3$1.accept(ReferencePipeline.java:197)
at java.base/java.util.Spliterators$ArraySpliterator.tryAdvance(Spliterators.java:1002)
at java.base/java.util.stream.ReferencePipeline.forEachWithCancel(ReferencePipeline.java:129)
at java.base/java.util.stream.AbstractPipeline.copyIntoWithCancel(AbstractPipeline.java:527)
at java.base/java.util.stream.AbstractPipeline.copyInto(AbstractPipeline.java:513)
at java.base/java.util.stream.AbstractPipeline.wrapAndCopyInto(AbstractPipeline.java:499)
at java.base/java.util.stream.FindOps$FindOp.evaluateSequential(FindOps.java:150)
at java.base/java.util.stream.AbstractPipeline.evaluate(AbstractPipeline.java:234)
at java.base/java.util.stream.ReferencePipeline.findFirst(ReferencePipeline.java:647)
at org.openqa.selenium.remote.ProtocolHandshake.createSession(ProtocolHandshake.java:125)
at org.openqa.selenium.remote.ProtocolHandshake.createSession(ProtocolHandshake.java:73)
at org.openqa.selenium.remote.HttpCommandExecutor.execute(HttpCommandExecutor.java:136)
at org.openqa.selenium.remote.service.DriverCommandExecutor.execute(DriverCommandExecutor.java:83)
at org.openqa.selenium.remote.RemoteWebDriver.execute(RemoteWebDriver.java:548)
at org.openqa.selenium.remote.RemoteWebDriver.startSession(RemoteWebDriver.java:212)
at org.openqa.selenium.remote.RemoteWebDriver.<init>(RemoteWebDriver.java:130)
at org.openqa.selenium.chrome.ChromeDriver.<init>(ChromeDriver.java:181)
at org.openqa.selenium.chrome.ChromeDriver.<init>(ChromeDriver.java:168)
at org.openqa.selenium.chrome.ChromeDriver.<init>(ChromeDriver.java:123)
at com.orangHRM.base.TestBase.initialization(TestBase.java:52)
at com.orangHRM.qa.testCases.HomePageTest.setUp(HomePageTest.java:23)
at java.base/java.util.concurrent.FutureTask.run(FutureTask.java:264)
at java.base/java.util.concurrent.ThreadPoolExecutor.runWorker(ThreadPoolExecutor.java:1136)
at java.base/java.util.concurrent.ThreadPoolExecutor$Worker.run(ThreadPoolExecutor.java:635)
at java.base/java.lang.Thread.run(Thread.java:833)
... Removed 20 stack frames]]>
    </failure>
  </testcase> <!-- @BeforeTest setUp -->
  <testcase classname="com.orangHRM.qa.testCases.LoginPageTest" name="@BeforeTest setUp" time="-1.655748134046E9">
    <skipped/>
  </testcase> <!-- @BeforeTest setUp -->
  <testcase classname="com.orangHRM.qa.testCases.AdminTest" name="@AfterTest tearDown" time="-1.655748134166E9">
    <skipped/>
  </testcase> <!-- @AfterTest tearDown -->
  <testcase classname="com.orangHRM.qa.testCases.HomePageTest" name="@AfterTest tearDown" time="-1.655748134166E9">
    <skipped/>
  </testcase> <!-- @AfterTest tearDown -->
  <testcase classname="com.orangHRM.qa.testCases.LoginPageTest" name="@AfterTest tearDown" time="-1.655748134167E9">
    <skipped/>
  </testcase> <!-- @AfterTest tearDown -->
  <testcase classname="com.orangHRM.qa.testCases.HomePageTest" name="loginPageTest" time="0.0">
    <skipped/>
  </testcase> <!-- loginPageTest -->
  <testcase classname="com.orangHRM.qa.testCases.AdminTest" name="loginPageTest" time="0.0">
    <skipped/>
  </testcase> <!-- loginPageTest -->
  <testcase classname="com.orangHRM.qa.testCases.LoginPageTest" name="loginPageTitleTest" time="0.0">
    <skipped/>
  </testcase> <!-- loginPageTitleTest -->
  <testcase classname="com.orangHRM.qa.testCases.AdminTest" name="onAdmminPage" time="0.0">
    <skipped/>
  </testcase> <!-- onAdmminPage -->
  <testcase classname="com.orangHRM.qa.testCases.HomePageTest" name="verifyHomeLogo" time="0.0">
    <skipped/>
  </testcase> <!-- verifyHomeLogo -->
  <testcase classname="com.orangHRM.qa.testCases.AdminTest" name="getUserManagementText" time="0.0">
    <skipped/>
  </testcase> <!-- getUserManagementText -->
  <testcase classname="com.orangHRM.qa.testCases.LoginPageTest" name="logoOrangeHRM" time="0.0">
    <skipped/>
  </testcase> <!-- logoOrangeHRM -->
  <testcase classname="com.orangHRM.qa.testCases.HomePageTest" name="verifyHeaderMenu" time="0.0">
    <skipped/>
  </testcase> <!-- verifyHeaderMenu -->
  <testcase classname="com.orangHRM.qa.testCases.AdminTest" name="getUsersText" time="0.0">
    <skipped/>
  </testcase> <!-- getUsersText -->
  <testcase classname="com.orangHRM.qa.testCases.LoginPageTest" name="loginPageTest" time="0.0">
    <skipped/>
  </testcase> <!-- loginPageTest -->
  <testcase classname="com.orangHRM.qa.testCases.AdminTest" name="verifySearchTitle" time="0.0">
    <skipped/>
  </testcase> <!-- verifySearchTitle -->
  <testcase classname="com.orangHRM.qa.testCases.AdminTest" name="fillUserName" time="0.0">
    <skipped/>
  </testcase> <!-- fillUserName -->
  <testcase classname="com.orangHRM.qa.testCases.AdminTest" name="userRoleDropdown" time="0.0">
    <skipped/>
  </testcase> <!-- userRoleDropdown -->
  <testcase classname="com.orangHRM.qa.testCases.AdminTest" name="fillemployeeName" time="0.0">
    <skipped/>
  </testcase> <!-- fillemployeeName -->
  <testcase classname="com.orangHRM.qa.testCases.AdminTest" name="addUser" time="0.0">
    <skipped/>
  </testcase> <!-- addUser -->
  <testcase classname="com.orangHRM.qa.testCases.AdminTest" name="addUserHeading" time="0.0">
    <skipped/>
  </testcase> <!-- addUserHeading -->
  <testcase classname="com.orangHRM.qa.testCases.AdminTest" name="userRole" time="0.0">
    <skipped/>
  </testcase> <!-- userRole -->
  <testcase classname="com.orangHRM.qa.testCases.AdminTest" name="emloyeename" time="0.0">
    <skipped/>
  </testcase> <!-- emloyeename -->
  <testcase classname="com.orangHRM.qa.testCases.AdminTest" name="UserName" time="0.0">
    <skipped/>
  </testcase> <!-- UserName -->
  <testcase classname="com.orangHRM.qa.testCases.AdminTest" name="enterPassword" time="0.0">
    <skipped/>
  </testcase> <!-- enterPassword -->
  <testcase classname="com.orangHRM.qa.testCases.AdminTest" name="enterConfirmPassword" time="0.0">
    <skipped/>
  </testcase> <!-- enterConfirmPassword -->
  <testcase classname="com.orangHRM.qa.testCases.AdminTest" name="cancelButton" time="0.0">
    <skipped/>
  </testcase> <!-- cancelButton -->
  <testcase classname="com.orangHRM.qa.testCases.AdminTest" name="saveButon" time="0.0">
    <skipped/>
  </testcase> <!-- saveButon -->
  <testcase classname="com.orangHRM.qa.testCases.AdminTest" name="selectCheckbox" time="0.0">
    <skipped/>
  </testcase> <!-- selectCheckbox -->
  <testcase classname="com.orangHRM.qa.testCases.AdminTest" name="deleteData" time="0.0">
    <skipped/>
  </testcase> <!-- deleteData -->
  <testcase classname="com.orangHRM.qa.testCases.AdminTest" name="printUserList" time="0.0">
    <skipped/>
  </testcase> <!-- printUserList -->
</testsuite> <!-- Demo WebApp Testcases -->
